<?xml version="1.0" encoding="UTF-8"?>
<!-- Generated by org.testng.reporters.JUnitXMLReporter -->
<testsuite hostname="SRUSUM-IN" ignored="2" name="Default test" tests="1" failures="0" timestamp="2020-08-25T20:53:45 IST" time="8.239" errors="0">
  <testcase name="test003_facebookLogout" time="0.006" classname="com.teja.web.Facebook"/>
  <testcase name="test002_facebookLogin" time="0.0" classname="com.teja.web.Facebook">
    <ignored/>
  </testcase> <!-- test002_facebookLogin -->
  <testcase name="test001_facebookTitle" time="0.0" classname="com.teja.web.Facebook">
    <ignored/>
  </testcase> <!-- test001_facebookTitle -->
</testsuite> <!-- Default test -->
