<?xml version="1.0" encoding="UTF-8"?>
<testng-results skipped="0" failed="0" ignored="2" total="3" passed="1">
  <reporter-output>
  </reporter-output>
  <suite name="Default suite" duration-ms="8239" started-at="2020-08-25T20:53:37 IST" finished-at="2020-08-25T20:53:45 IST">
    <groups>
    </groups>
    <test name="Default test" duration-ms="8239" started-at="2020-08-25T20:53:37 IST" finished-at="2020-08-25T20:53:45 IST">
      <class name="com.teja.web.Facebook">
        <test-method status="PASS" signature="setup()[pri:0, instance:com.teja.web.Facebook@bd8db5a]" name="setup" is-config="true" duration-ms="7965" started-at="2020-08-25T20:53:37 IST" finished-at="2020-08-25T20:53:45 IST">
          <reporter-output>
          </reporter-output>
        </test-method> <!-- setup -->
        <test-method status="PASS" signature="test003_facebookLogout()[pri:0, instance:com.teja.web.Facebook@bd8db5a]" name="test003_facebookLogout" duration-ms="6" started-at="2020-08-25T20:53:45 IST" finished-at="2020-08-25T20:53:45 IST">
          <reporter-output>
          </reporter-output>
        </test-method> <!-- test003_facebookLogout -->
        <test-method status="PASS" signature="tearDown()[pri:0, instance:com.teja.web.Facebook@bd8db5a]" name="tearDown" is-config="true" duration-ms="218" started-at="2020-08-25T20:53:45 IST" finished-at="2020-08-25T20:53:45 IST">
          <reporter-output>
          </reporter-output>
        </test-method> <!-- tearDown -->
      </class> <!-- com.teja.web.Facebook -->
    </test> <!-- Default test -->
  </suite> <!-- Default suite -->
</testng-results>
